<?xml version="1.0" encoding="UTF-8"?>
<!-- Generated by org.testng.reporters.JUnitXMLReporter -->
<testsuite ignored="0" hostname="Samreen" failures="0" tests="3" name="Default test" time="37.893" errors="0" timestamp="2025-05-21T19:35:57 IST">
  <testcase classname="samreen.tests.Standalonetest" name="SubmitOrder" time="11.308"/>
  <testcase classname="samreen.tests.Standalonetest" name="SubmitOrder" time="11.314"/>
  <testcase classname="samreen.tests.Standalonetest" name="OrderPage" time="1.354"/>
</testsuite> <!-- Default test -->
